2023-10-12 12:02:55.582  INFO 18608 --- [restartedMain] c.s.SbtaskmanagementsystemApplication    : Starting SbtaskmanagementsystemApplication using Java 17.0.8 on STGIDT-NEW-134 with PID 18608 (D:\Harsha\java training\sbtaskmanagementsystem final\sbtaskmanagementsystem new (4)\sbtaskmanagementsystem new (3)\sbtaskmanagementsystem new\sbtaskmanagementsystem\target\classes started by harshavardananb in D:\Harsha\java training\sbtaskmanagementsystem final\sbtaskmanagementsystem new (4)\sbtaskmanagementsystem new (3)\sbtaskmanagementsystem new\sbtaskmanagementsystem)
2023-10-12 12:02:55.583  INFO 18608 --- [restartedMain] c.s.SbtaskmanagementsystemApplication    : No active profile set, falling back to 1 default profile: "default"
2023-10-12 12:02:55.775  INFO 18608 --- [restartedMain] .s.d.r.c.RepositoryConfigurationDelegate : Bootstrapping Spring Data JPA repositories in DEFAULT mode.
2023-10-12 12:02:55.792  INFO 18608 --- [restartedMain] .s.d.r.c.RepositoryConfigurationDelegate : Finished Spring Data repository scanning in 15 ms. Found 5 JPA repository interfaces.
2023-10-12 12:02:55.824  INFO 18608 --- [restartedMain] o.s.cloud.context.scope.GenericScope     : BeanFactory id=d8fe8651-7a8b-38dc-bdab-5b3972db476d
2023-10-12 12:02:55.889  INFO 18608 --- [restartedMain] o.s.b.w.embedded.tomcat.TomcatWebServer  : Tomcat initialized with port(s): 1200 (http)
2023-10-12 12:02:55.892  INFO 18608 --- [restartedMain] o.apache.catalina.core.StandardService   : Starting service [Tomcat]
2023-10-12 12:02:55.894  INFO 18608 --- [restartedMain] org.apache.catalina.core.StandardEngine  : Starting Servlet engine: [Apache Tomcat/9.0.80]
2023-10-12 12:02:55.929  INFO 18608 --- [restartedMain] o.a.c.c.C.[Tomcat].[localhost].[/]       : Initializing Spring embedded WebApplicationContext
2023-10-12 12:02:55.931  INFO 18608 --- [restartedMain] w.s.c.ServletWebServerApplicationContext : Root WebApplicationContext: initialization completed in 345 ms
2023-10-12 12:02:55.957  INFO 18608 --- [restartedMain] o.hibernate.jpa.internal.util.LogHelper  : HHH000204: Processing PersistenceUnitInfo [name: default]
2023-10-12 12:02:55.961  INFO 18608 --- [restartedMain] com.zaxxer.hikari.HikariDataSource       : HikariPool-4 - Starting...
2023-10-12 12:02:55.979  INFO 18608 --- [restartedMain] com.zaxxer.hikari.HikariDataSource       : HikariPool-4 - Start completed.
2023-10-12 12:02:55.980  INFO 18608 --- [restartedMain] org.hibernate.dialect.Dialect            : HHH000400: Using dialect: org.hibernate.dialect.MySQL8Dialect
2023-10-12 12:02:56.125  INFO 18608 --- [restartedMain] o.h.e.t.j.p.i.JtaPlatformInitiator       : HHH000490: Using JtaPlatform implementation: [org.hibernate.engine.transaction.jta.platform.internal.NoJtaPlatform]
2023-10-12 12:02:56.125  INFO 18608 --- [restartedMain] j.LocalContainerEntityManagerFactoryBean : Initialized JPA EntityManagerFactory for persistence unit 'default'
2023-10-12 12:02:56.320  WARN 18608 --- [restartedMain] JpaBaseConfiguration$JpaWebConfiguration : spring.jpa.open-in-view is enabled by default. Therefore, database queries may be performed during view rendering. Explicitly configure spring.jpa.open-in-view to disable this warning
2023-10-12 12:02:56.871  INFO 18608 --- [restartedMain] o.s.b.d.a.OptionalLiveReloadServer       : LiveReload server is running on port 35729
2023-10-12 12:02:57.055  INFO 18608 --- [restartedMain] o.s.b.w.embedded.tomcat.TomcatWebServer  : Tomcat started on port(s): 1200 (http) with context path ''
2023-10-12 12:02:57.101  INFO 18608 --- [restartedMain] c.s.SbtaskmanagementsystemApplication    : Started SbtaskmanagementsystemApplication in 1.58 seconds (JVM running for 337.729)
2023-10-12 12:02:57.104  INFO 18608 --- [restartedMain] .ConditionEvaluationDeltaLoggingListener : Condition evaluation unchanged
2023-10-12 12:02:58.319  INFO 18608 --- [File Watcher] rtingClassPathChangeChangedEventListener : Restarting due to 1 class path change (0 additions, 0 deletions, 1 modification)
2023-10-12 12:02:58.328  INFO 18608 --- [Thread-21] o.apache.catalina.core.StandardService   : Stopping service [Tomcat]
2023-10-12 12:02:58.333  INFO 18608 --- [Thread-21] j.LocalContainerEntityManagerFactoryBean : Closing JPA EntityManagerFactory for persistence unit 'default'
2023-10-12 12:02:58.334  INFO 18608 --- [Thread-21] com.zaxxer.hikari.HikariDataSource       : HikariPool-4 - Shutdown initiated...
2023-10-12 12:02:58.343  INFO 18608 --- [Thread-21] com.zaxxer.hikari.HikariDataSource       : HikariPool-4 - Shutdown completed.
