2024-02-02 12:37:56.356  INFO 10268 --- [restartedMain] c.s.SbtaskmanagementsystemApplication    : Starting SbtaskmanagementsystemApplication using Java 17.0.8 on STGIDT-NEW-134 with PID 10268 (D:\Harsha\java training\sbtaskmanagementsystem final\sbtaskmanagementsystem new (4)\sbtaskmanagementsystem new (3)\sbtaskmanagementsystem new\sbtaskmanagementsystem\target\classes started by harshavardananb in D:\Harsha\java training\sbtaskmanagementsystem final\sbtaskmanagementsystem new (4)\sbtaskmanagementsystem new (3)\sbtaskmanagementsystem new\sbtaskmanagementsystem)
2024-02-02 12:37:56.367  INFO 10268 --- [restartedMain] c.s.SbtaskmanagementsystemApplication    : No active profile set, falling back to 1 default profile: "default"
2024-02-02 12:37:56.573  INFO 10268 --- [restartedMain] .e.DevToolsPropertyDefaultsPostProcessor : Devtools property defaults active! Set 'spring.devtools.add-properties' to 'false' to disable
2024-02-02 12:37:56.573  INFO 10268 --- [restartedMain] .e.DevToolsPropertyDefaultsPostProcessor : For additional web related logging consider setting the 'logging.level.web' property to 'DEBUG'
2024-02-02 12:37:59.060  INFO 10268 --- [restartedMain] .s.d.r.c.RepositoryConfigurationDelegate : Bootstrapping Spring Data JPA repositories in DEFAULT mode.
2024-02-02 12:37:59.169  INFO 10268 --- [restartedMain] .s.d.r.c.RepositoryConfigurationDelegate : Finished Spring Data repository scanning in 70 ms. Found 3 JPA repository interfaces.
2024-02-02 12:37:59.517  INFO 10268 --- [restartedMain] o.s.cloud.context.scope.GenericScope     : BeanFactory id=d6cfecbf-69c7-3df5-b093-6276d4c3bce5
2024-02-02 12:38:01.020  INFO 10268 --- [restartedMain] o.s.b.w.embedded.tomcat.TomcatWebServer  : Tomcat initialized with port(s): 9237 (http)
2024-02-02 12:38:01.078  INFO 10268 --- [restartedMain] o.apache.catalina.core.StandardService   : Starting service [Tomcat]
2024-02-02 12:38:01.085  INFO 10268 --- [restartedMain] org.apache.catalina.core.StandardEngine  : Starting Servlet engine: [Apache Tomcat/9.0.80]
2024-02-02 12:38:01.397  INFO 10268 --- [restartedMain] o.a.c.c.C.[Tomcat].[localhost].[/]       : Initializing Spring embedded WebApplicationContext
2024-02-02 12:38:01.398  INFO 10268 --- [restartedMain] w.s.c.ServletWebServerApplicationContext : Root WebApplicationContext: initialization completed in 4812 ms
2024-02-02 12:38:01.783  INFO 10268 --- [restartedMain] o.hibernate.jpa.internal.util.LogHelper  : HHH000204: Processing PersistenceUnitInfo [name: default]
2024-02-02 12:38:01.865  INFO 10268 --- [restartedMain] org.hibernate.Version                    : HHH000412: Hibernate ORM core version 5.6.15.Final
2024-02-02 12:38:02.205  INFO 10268 --- [restartedMain] o.hibernate.annotations.common.Version   : HCANN000001: Hibernate Commons Annotations {5.1.2.Final}
2024-02-02 12:38:02.359  INFO 10268 --- [restartedMain] com.zaxxer.hikari.HikariDataSource       : HikariPool-1 - Starting...
2024-02-02 12:38:03.802  INFO 10268 --- [restartedMain] com.zaxxer.hikari.HikariDataSource       : HikariPool-1 - Start completed.
2024-02-02 12:38:03.883  INFO 10268 --- [restartedMain] org.hibernate.dialect.Dialect            : HHH000400: Using dialect: org.hibernate.dialect.MySQL8Dialect
2024-02-02 12:38:05.708  INFO 10268 --- [restartedMain] o.h.e.t.j.p.i.JtaPlatformInitiator       : HHH000490: Using JtaPlatform implementation: [org.hibernate.engine.transaction.jta.platform.internal.NoJtaPlatform]
2024-02-02 12:38:05.744  INFO 10268 --- [restartedMain] j.LocalContainerEntityManagerFactoryBean : Initialized JPA EntityManagerFactory for persistence unit 'default'
2024-02-02 12:38:06.922  WARN 10268 --- [restartedMain] JpaBaseConfiguration$JpaWebConfiguration : spring.jpa.open-in-view is enabled by default. Therefore, database queries may be performed during view rendering. Explicitly configure spring.jpa.open-in-view to disable this warning
2024-02-02 12:38:08.525  INFO 10268 --- [restartedMain] o.s.b.d.a.OptionalLiveReloadServer       : LiveReload server is running on port 35729
2024-02-02 12:38:08.708  INFO 10268 --- [restartedMain] o.s.b.w.embedded.tomcat.TomcatWebServer  : Tomcat started on port(s): 9237 (http) with context path ''
2024-02-02 12:38:08.757  INFO 10268 --- [restartedMain] c.s.SbtaskmanagementsystemApplication    : Started SbtaskmanagementsystemApplication in 13.854 seconds (JVM running for 15.827)
2024-02-02 12:38:50.001  INFO 10268 --- [File Watcher] rtingClassPathChangeChangedEventListener : Restarting due to 1 class path change (0 additions, 0 deletions, 1 modification)
2024-02-02 12:38:50.047  INFO 10268 --- [Thread-6] o.apache.catalina.core.StandardService   : Stopping service [Tomcat]
2024-02-02 12:38:50.057  INFO 10268 --- [Thread-6] j.LocalContainerEntityManagerFactoryBean : Closing JPA EntityManagerFactory for persistence unit 'default'
2024-02-02 12:38:50.061  INFO 10268 --- [Thread-6] com.zaxxer.hikari.HikariDataSource       : HikariPool-1 - Shutdown initiated...
2024-02-02 12:38:50.147  INFO 10268 --- [Thread-6] com.zaxxer.hikari.HikariDataSource       : HikariPool-1 - Shutdown completed.
2024-02-02 12:38:50.564  INFO 10268 --- [restartedMain] c.s.SbtaskmanagementsystemApplication    : Starting SbtaskmanagementsystemApplication using Java 17.0.8 on STGIDT-NEW-134 with PID 10268 (D:\Harsha\java training\sbtaskmanagementsystem final\sbtaskmanagementsystem new (4)\sbtaskmanagementsystem new (3)\sbtaskmanagementsystem new\sbtaskmanagementsystem\target\classes started by harshavardananb in D:\Harsha\java training\sbtaskmanagementsystem final\sbtaskmanagementsystem new (4)\sbtaskmanagementsystem new (3)\sbtaskmanagementsystem new\sbtaskmanagementsystem)
2024-02-02 12:38:50.567  INFO 10268 --- [restartedMain] c.s.SbtaskmanagementsystemApplication    : No active profile set, falling back to 1 default profile: "default"
2024-02-02 12:38:51.210  INFO 10268 --- [restartedMain] .s.d.r.c.RepositoryConfigurationDelegate : Bootstrapping Spring Data JPA repositories in DEFAULT mode.
2024-02-02 12:38:51.228  INFO 10268 --- [restartedMain] .s.d.r.c.RepositoryConfigurationDelegate : Finished Spring Data repository scanning in 16 ms. Found 3 JPA repository interfaces.
2024-02-02 12:38:51.342  INFO 10268 --- [restartedMain] o.s.cloud.context.scope.GenericScope     : BeanFactory id=d6cfecbf-69c7-3df5-b093-6276d4c3bce5
2024-02-02 12:38:51.502  INFO 10268 --- [restartedMain] o.s.b.w.embedded.tomcat.TomcatWebServer  : Tomcat initialized with port(s): 9237 (http)
2024-02-02 12:38:51.504  INFO 10268 --- [restartedMain] o.apache.catalina.core.StandardService   : Starting service [Tomcat]
2024-02-02 12:38:51.505  INFO 10268 --- [restartedMain] org.apache.catalina.core.StandardEngine  : Starting Servlet engine: [Apache Tomcat/9.0.80]
2024-02-02 12:38:51.542  INFO 10268 --- [restartedMain] o.a.c.c.C.[Tomcat].[localhost].[/]       : Initializing Spring embedded WebApplicationContext
2024-02-02 12:38:51.542  INFO 10268 --- [restartedMain] w.s.c.ServletWebServerApplicationContext : Root WebApplicationContext: initialization completed in 964 ms
2024-02-02 12:38:51.583  INFO 10268 --- [restartedMain] o.hibernate.jpa.internal.util.LogHelper  : HHH000204: Processing PersistenceUnitInfo [name: default]
2024-02-02 12:38:51.589  INFO 10268 --- [restartedMain] com.zaxxer.hikari.HikariDataSource       : HikariPool-2 - Starting...
2024-02-02 12:38:51.622  INFO 10268 --- [restartedMain] com.zaxxer.hikari.HikariDataSource       : HikariPool-2 - Start completed.
2024-02-02 12:38:51.624  INFO 10268 --- [restartedMain] org.hibernate.dialect.Dialect            : HHH000400: Using dialect: org.hibernate.dialect.MySQL8Dialect
2024-02-02 12:38:52.074  INFO 10268 --- [restartedMain] o.h.e.t.j.p.i.JtaPlatformInitiator       : HHH000490: Using JtaPlatform implementation: [org.hibernate.engine.transaction.jta.platform.internal.NoJtaPlatform]
2024-02-02 12:38:52.074  INFO 10268 --- [restartedMain] j.LocalContainerEntityManagerFactoryBean : Initialized JPA EntityManagerFactory for persistence unit 'default'
2024-02-02 12:38:52.240  WARN 10268 --- [restartedMain] JpaBaseConfiguration$JpaWebConfiguration : spring.jpa.open-in-view is enabled by default. Therefore, database queries may be performed during view rendering. Explicitly configure spring.jpa.open-in-view to disable this warning
2024-02-02 12:38:53.033  INFO 10268 --- [restartedMain] o.s.b.d.a.OptionalLiveReloadServer       : LiveReload server is running on port 35729
2024-02-02 12:38:53.130  INFO 10268 --- [restartedMain] o.s.b.w.embedded.tomcat.TomcatWebServer  : Tomcat started on port(s): 9237 (http) with context path ''
2024-02-02 12:38:53.174  INFO 10268 --- [restartedMain] c.s.SbtaskmanagementsystemApplication    : Started SbtaskmanagementsystemApplication in 2.961 seconds (JVM running for 60.243)
2024-02-02 12:38:53.177  INFO 10268 --- [restartedMain] .ConditionEvaluationDeltaLoggingListener : Condition evaluation unchanged
2024-02-02 12:38:56.592  INFO 10268 --- [File Watcher] rtingClassPathChangeChangedEventListener : Restarting due to 3 class path changes (0 additions, 0 deletions, 3 modifications)
2024-02-02 12:38:56.608  INFO 10268 --- [Thread-9] o.apache.catalina.core.StandardService   : Stopping service [Tomcat]
2024-02-02 12:38:56.618  INFO 10268 --- [Thread-9] j.LocalContainerEntityManagerFactoryBean : Closing JPA EntityManagerFactory for persistence unit 'default'
2024-02-02 12:38:56.618  INFO 10268 --- [Thread-9] com.zaxxer.hikari.HikariDataSource       : HikariPool-2 - Shutdown initiated...
2024-02-02 12:38:56.636  INFO 10268 --- [Thread-9] com.zaxxer.hikari.HikariDataSource       : HikariPool-2 - Shutdown completed.
2024-02-02 12:38:56.971  INFO 10268 --- [restartedMain] c.s.SbtaskmanagementsystemApplication    : Starting SbtaskmanagementsystemApplication using Java 17.0.8 on STGIDT-NEW-134 with PID 10268 (D:\Harsha\java training\sbtaskmanagementsystem final\sbtaskmanagementsystem new (4)\sbtaskmanagementsystem new (3)\sbtaskmanagementsystem new\sbtaskmanagementsystem\target\classes started by harshavardananb in D:\Harsha\java training\sbtaskmanagementsystem final\sbtaskmanagementsystem new (4)\sbtaskmanagementsystem new (3)\sbtaskmanagementsystem new\sbtaskmanagementsystem)
2024-02-02 12:38:56.971  INFO 10268 --- [restartedMain] c.s.SbtaskmanagementsystemApplication    : No active profile set, falling back to 1 default profile: "default"
2024-02-02 12:38:57.288  INFO 10268 --- [restartedMain] .s.d.r.c.RepositoryConfigurationDelegate : Bootstrapping Spring Data JPA repositories in DEFAULT mode.
2024-02-02 12:38:57.316  INFO 10268 --- [restartedMain] .s.d.r.c.RepositoryConfigurationDelegate : Finished Spring Data repository scanning in 27 ms. Found 3 JPA repository interfaces.
2024-02-02 12:38:57.371  INFO 10268 --- [restartedMain] o.s.cloud.context.scope.GenericScope     : BeanFactory id=d6cfecbf-69c7-3df5-b093-6276d4c3bce5
2024-02-02 12:38:57.498  INFO 10268 --- [restartedMain] o.s.b.w.embedded.tomcat.TomcatWebServer  : Tomcat initialized with port(s): 9237 (http)
2024-02-02 12:38:57.498  INFO 10268 --- [restartedMain] o.apache.catalina.core.StandardService   : Starting service [Tomcat]
2024-02-02 12:38:57.498  INFO 10268 --- [restartedMain] org.apache.catalina.core.StandardEngine  : Starting Servlet engine: [Apache Tomcat/9.0.80]
2024-02-02 12:38:57.533  INFO 10268 --- [restartedMain] o.a.c.c.C.[Tomcat].[localhost].[/]       : Initializing Spring embedded WebApplicationContext
2024-02-02 12:38:57.534  INFO 10268 --- [restartedMain] w.s.c.ServletWebServerApplicationContext : Root WebApplicationContext: initialization completed in 555 ms
2024-02-02 12:38:57.573  INFO 10268 --- [restartedMain] o.hibernate.jpa.internal.util.LogHelper  : HHH000204: Processing PersistenceUnitInfo [name: default]
2024-02-02 12:38:57.580  INFO 10268 --- [restartedMain] com.zaxxer.hikari.HikariDataSource       : HikariPool-3 - Starting...
2024-02-02 12:38:57.601  INFO 10268 --- [restartedMain] com.zaxxer.hikari.HikariDataSource       : HikariPool-3 - Start completed.
2024-02-02 12:38:57.601  INFO 10268 --- [restartedMain] org.hibernate.dialect.Dialect            : HHH000400: Using dialect: org.hibernate.dialect.MySQL8Dialect
2024-02-02 12:38:57.711  INFO 10268 --- [restartedMain] o.h.e.t.j.p.i.JtaPlatformInitiator       : HHH000490: Using JtaPlatform implementation: [org.hibernate.engine.transaction.jta.platform.internal.NoJtaPlatform]
2024-02-02 12:38:57.711  INFO 10268 --- [restartedMain] j.LocalContainerEntityManagerFactoryBean : Initialized JPA EntityManagerFactory for persistence unit 'default'
2024-02-02 12:38:57.993  WARN 10268 --- [restartedMain] JpaBaseConfiguration$JpaWebConfiguration : spring.jpa.open-in-view is enabled by default. Therefore, database queries may be performed during view rendering. Explicitly configure spring.jpa.open-in-view to disable this warning
2024-02-02 12:38:58.513  INFO 10268 --- [restartedMain] o.s.b.d.a.OptionalLiveReloadServer       : LiveReload server is running on port 35729
2024-02-02 12:38:58.580  INFO 10268 --- [restartedMain] o.s.b.w.embedded.tomcat.TomcatWebServer  : Tomcat started on port(s): 9237 (http) with context path ''
2024-02-02 12:38:58.616  INFO 10268 --- [restartedMain] c.s.SbtaskmanagementsystemApplication    : Started SbtaskmanagementsystemApplication in 1.91 seconds (JVM running for 65.685)
2024-02-02 12:38:58.620  INFO 10268 --- [restartedMain] .ConditionEvaluationDeltaLoggingListener : Condition evaluation unchanged
2024-02-02 12:39:03.256  INFO 10268 --- [File Watcher] rtingClassPathChangeChangedEventListener : Restarting due to 1 class path change (0 additions, 0 deletions, 1 modification)
2024-02-02 12:39:03.291  INFO 10268 --- [Thread-15] o.apache.catalina.core.StandardService   : Stopping service [Tomcat]
2024-02-02 12:39:03.299  INFO 10268 --- [Thread-15] j.LocalContainerEntityManagerFactoryBean : Closing JPA EntityManagerFactory for persistence unit 'default'
2024-02-02 12:39:03.299  INFO 10268 --- [Thread-15] com.zaxxer.hikari.HikariDataSource       : HikariPool-3 - Shutdown initiated...
2024-02-02 12:39:03.314  INFO 10268 --- [Thread-15] com.zaxxer.hikari.HikariDataSource       : HikariPool-3 - Shutdown completed.
2024-02-02 12:39:03.465  INFO 10268 --- [restartedMain] c.s.SbtaskmanagementsystemApplication    : Starting SbtaskmanagementsystemApplication using Java 17.0.8 on STGIDT-NEW-134 with PID 10268 (D:\Harsha\java training\sbtaskmanagementsystem final\sbtaskmanagementsystem new (4)\sbtaskmanagementsystem new (3)\sbtaskmanagementsystem new\sbtaskmanagementsystem\target\classes started by harshavardananb in D:\Harsha\java training\sbtaskmanagementsystem final\sbtaskmanagementsystem new (4)\sbtaskmanagementsystem new (3)\sbtaskmanagementsystem new\sbtaskmanagementsystem)
2024-02-02 12:39:03.465  INFO 10268 --- [restartedMain] c.s.SbtaskmanagementsystemApplication    : No active profile set, falling back to 1 default profile: "default"
2024-02-02 12:39:03.686  INFO 10268 --- [restartedMain] .s.d.r.c.RepositoryConfigurationDelegate : Bootstrapping Spring Data JPA repositories in DEFAULT mode.
2024-02-02 12:39:03.703  INFO 10268 --- [restartedMain] .s.d.r.c.RepositoryConfigurationDelegate : Finished Spring Data repository scanning in 16 ms. Found 3 JPA repository interfaces.
2024-02-02 12:39:03.737  INFO 10268 --- [restartedMain] o.s.cloud.context.scope.GenericScope     : BeanFactory id=d6cfecbf-69c7-3df5-b093-6276d4c3bce5
2024-02-02 12:39:03.879  INFO 10268 --- [restartedMain] o.s.b.w.embedded.tomcat.TomcatWebServer  : Tomcat initialized with port(s): 9237 (http)
2024-02-02 12:39:03.880  INFO 10268 --- [restartedMain] o.apache.catalina.core.StandardService   : Starting service [Tomcat]
2024-02-02 12:39:03.881  INFO 10268 --- [restartedMain] org.apache.catalina.core.StandardEngine  : Starting Servlet engine: [Apache Tomcat/9.0.80]
2024-02-02 12:39:03.934  INFO 10268 --- [restartedMain] o.a.c.c.C.[Tomcat].[localhost].[/]       : Initializing Spring embedded WebApplicationContext
2024-02-02 12:39:03.934  INFO 10268 --- [restartedMain] w.s.c.ServletWebServerApplicationContext : Root WebApplicationContext: initialization completed in 456 ms
2024-02-02 12:39:03.963  INFO 10268 --- [restartedMain] o.hibernate.jpa.internal.util.LogHelper  : HHH000204: Processing PersistenceUnitInfo [name: default]
2024-02-02 12:39:03.969  INFO 10268 --- [restartedMain] com.zaxxer.hikari.HikariDataSource       : HikariPool-4 - Starting...
2024-02-02 12:39:03.999  INFO 10268 --- [restartedMain] com.zaxxer.hikari.HikariDataSource       : HikariPool-4 - Start completed.
2024-02-02 12:39:03.999  INFO 10268 --- [restartedMain] org.hibernate.dialect.Dialect            : HHH000400: Using dialect: org.hibernate.dialect.MySQL8Dialect
2024-02-02 12:39:04.114  INFO 10268 --- [restartedMain] o.h.e.t.j.p.i.JtaPlatformInitiator       : HHH000490: Using JtaPlatform implementation: [org.hibernate.engine.transaction.jta.platform.internal.NoJtaPlatform]
2024-02-02 12:39:04.114  INFO 10268 --- [restartedMain] j.LocalContainerEntityManagerFactoryBean : Initialized JPA EntityManagerFactory for persistence unit 'default'
2024-02-02 12:39:04.300  WARN 10268 --- [restartedMain] JpaBaseConfiguration$JpaWebConfiguration : spring.jpa.open-in-view is enabled by default. Therefore, database queries may be performed during view rendering. Explicitly configure spring.jpa.open-in-view to disable this warning
2024-02-02 12:39:04.738  INFO 10268 --- [restartedMain] o.s.b.d.a.OptionalLiveReloadServer       : LiveReload server is running on port 35729
2024-02-02 12:39:04.815  INFO 10268 --- [restartedMain] o.s.b.w.embedded.tomcat.TomcatWebServer  : Tomcat started on port(s): 9237 (http) with context path ''
2024-02-02 12:39:04.861  INFO 10268 --- [restartedMain] c.s.SbtaskmanagementsystemApplication    : Started SbtaskmanagementsystemApplication in 1.464 seconds (JVM running for 71.931)
2024-02-02 12:39:04.864  INFO 10268 --- [restartedMain] .ConditionEvaluationDeltaLoggingListener : Condition evaluation unchanged
2024-02-02 12:39:13.261  INFO 10268 --- [http-nio-9237-exec-1] o.a.c.c.C.[Tomcat].[localhost].[/]       : Initializing Spring DispatcherServlet 'dispatcherServlet'
2024-02-02 12:39:13.261  INFO 10268 --- [http-nio-9237-exec-1] o.s.web.servlet.DispatcherServlet        : Initializing Servlet 'dispatcherServlet'
2024-02-02 12:39:13.262  INFO 10268 --- [http-nio-9237-exec-1] o.s.web.servlet.DispatcherServlet        : Completed initialization in 1 ms
2024-02-02 12:39:14.426  INFO 10268 --- [http-nio-9237-exec-7] o.springdoc.api.AbstractOpenApiResource  : Init duration for springdoc-openapi is: 534 ms
2024-02-02 12:51:22.749  INFO 10268 --- [File Watcher] rtingClassPathChangeChangedEventListener : Restarting due to 1 class path change (0 additions, 0 deletions, 1 modification)
2024-02-02 12:51:22.773  INFO 10268 --- [Thread-21] o.apache.catalina.core.StandardService   : Stopping service [Tomcat]
2024-02-02 12:51:22.774  INFO 10268 --- [Thread-21] o.a.c.c.C.[Tomcat].[localhost].[/]       : Destroying Spring FrameworkServlet 'dispatcherServlet'
2024-02-02 12:51:22.783  INFO 10268 --- [Thread-21] j.LocalContainerEntityManagerFactoryBean : Closing JPA EntityManagerFactory for persistence unit 'default'
2024-02-02 12:51:22.785  INFO 10268 --- [Thread-21] com.zaxxer.hikari.HikariDataSource       : HikariPool-4 - Shutdown initiated...
2024-02-02 12:51:22.795  INFO 10268 --- [Thread-21] com.zaxxer.hikari.HikariDataSource       : HikariPool-4 - Shutdown completed.
2024-02-02 12:51:22.945  INFO 10268 --- [restartedMain] c.s.SbtaskmanagementsystemApplication    : Starting SbtaskmanagementsystemApplication using Java 17.0.8 on STGIDT-NEW-134 with PID 10268 (D:\Harsha\java training\sbtaskmanagementsystem final\sbtaskmanagementsystem new (4)\sbtaskmanagementsystem new (3)\sbtaskmanagementsystem new\sbtaskmanagementsystem\target\classes started by harshavardananb in D:\Harsha\java training\sbtaskmanagementsystem final\sbtaskmanagementsystem new (4)\sbtaskmanagementsystem new (3)\sbtaskmanagementsystem new\sbtaskmanagementsystem)
2024-02-02 12:51:22.945  INFO 10268 --- [restartedMain] c.s.SbtaskmanagementsystemApplication    : No active profile set, falling back to 1 default profile: "default"
2024-02-02 12:51:23.183  INFO 10268 --- [restartedMain] .s.d.r.c.RepositoryConfigurationDelegate : Bootstrapping Spring Data JPA repositories in DEFAULT mode.
2024-02-02 12:51:23.197  INFO 10268 --- [restartedMain] .s.d.r.c.RepositoryConfigurationDelegate : Finished Spring Data repository scanning in 12 ms. Found 3 JPA repository interfaces.
2024-02-02 12:51:23.227  INFO 10268 --- [restartedMain] o.s.cloud.context.scope.GenericScope     : BeanFactory id=d6cfecbf-69c7-3df5-b093-6276d4c3bce5
2024-02-02 12:51:23.296  INFO 10268 --- [restartedMain] o.s.b.w.embedded.tomcat.TomcatWebServer  : Tomcat initialized with port(s): 9237 (http)
2024-02-02 12:51:23.299  INFO 10268 --- [restartedMain] o.apache.catalina.core.StandardService   : Starting service [Tomcat]
2024-02-02 12:51:23.301  INFO 10268 --- [restartedMain] org.apache.catalina.core.StandardEngine  : Starting Servlet engine: [Apache Tomcat/9.0.80]
2024-02-02 12:51:23.338  INFO 10268 --- [restartedMain] o.a.c.c.C.[Tomcat].[localhost].[/]       : Initializing Spring embedded WebApplicationContext
2024-02-02 12:51:23.340  INFO 10268 --- [restartedMain] w.s.c.ServletWebServerApplicationContext : Root WebApplicationContext: initialization completed in 392 ms
2024-02-02 12:51:23.380  INFO 10268 --- [restartedMain] o.hibernate.jpa.internal.util.LogHelper  : HHH000204: Processing PersistenceUnitInfo [name: default]
2024-02-02 12:51:23.386  INFO 10268 --- [restartedMain] com.zaxxer.hikari.HikariDataSource       : HikariPool-5 - Starting...
2024-02-02 12:51:23.421  INFO 10268 --- [restartedMain] com.zaxxer.hikari.HikariDataSource       : HikariPool-5 - Start completed.
2024-02-02 12:51:23.424  INFO 10268 --- [restartedMain] org.hibernate.dialect.Dialect            : HHH000400: Using dialect: org.hibernate.dialect.MySQL8Dialect
2024-02-02 12:51:23.524  INFO 10268 --- [restartedMain] o.h.e.t.j.p.i.JtaPlatformInitiator       : HHH000490: Using JtaPlatform implementation: [org.hibernate.engine.transaction.jta.platform.internal.NoJtaPlatform]
2024-02-02 12:51:23.524  INFO 10268 --- [restartedMain] j.LocalContainerEntityManagerFactoryBean : Initialized JPA EntityManagerFactory for persistence unit 'default'
2024-02-02 12:51:23.720  WARN 10268 --- [restartedMain] JpaBaseConfiguration$JpaWebConfiguration : spring.jpa.open-in-view is enabled by default. Therefore, database queries may be performed during view rendering. Explicitly configure spring.jpa.open-in-view to disable this warning
2024-02-02 12:51:24.251  INFO 10268 --- [restartedMain] o.s.b.d.a.OptionalLiveReloadServer       : LiveReload server is running on port 35729
2024-02-02 12:51:24.411  INFO 10268 --- [restartedMain] o.s.b.w.embedded.tomcat.TomcatWebServer  : Tomcat started on port(s): 9237 (http) with context path ''
2024-02-02 12:51:24.448  INFO 10268 --- [restartedMain] c.s.SbtaskmanagementsystemApplication    : Started SbtaskmanagementsystemApplication in 1.596 seconds (JVM running for 811.515)
2024-02-02 12:51:24.450  INFO 10268 --- [restartedMain] .ConditionEvaluationDeltaLoggingListener : Condition evaluation unchanged
2024-02-08 16:09:15.178  INFO 16640 --- [restartedMain] c.s.SbtaskmanagementsystemApplication    : Starting SbtaskmanagementsystemApplication using Java 17.0.8 on STGIDT-NEW-134 with PID 16640 (D:\Harsha\java training\sbtaskmanagementsystem final\sbtaskmanagementsystem new (4)\sbtaskmanagementsystem new (3)\sbtaskmanagementsystem new\sbtaskmanagementsystem\target\classes started by harshavardananb in D:\Harsha\java training\sbtaskmanagementsystem final\sbtaskmanagementsystem new (4)\sbtaskmanagementsystem new (3)\sbtaskmanagementsystem new\sbtaskmanagementsystem)
2024-02-08 16:09:15.189  INFO 16640 --- [restartedMain] c.s.SbtaskmanagementsystemApplication    : No active profile set, falling back to 1 default profile: "default"
2024-02-08 16:09:15.177  INFO 18392 --- [restartedMain] c.s.SbtaskmanagementsystemApplication    : Starting SbtaskmanagementsystemApplication using Java 17.0.8 on STGIDT-NEW-134 with PID 18392 (D:\Harsha\java training\sbtaskmanagementsystem final\sbtaskmanagementsystem new (4)\sbtaskmanagementsystem new (3)\sbtaskmanagementsystem new\sbtaskmanagementsystem\target\classes started by harshavardananb in D:\Harsha\java training\sbtaskmanagementsystem final\sbtaskmanagementsystem new (4)\sbtaskmanagementsystem new (3)\sbtaskmanagementsystem new\sbtaskmanagementsystem)
2024-02-08 16:09:15.219  INFO 18392 --- [restartedMain] c.s.SbtaskmanagementsystemApplication    : No active profile set, falling back to 1 default profile: "default"
2024-02-08 16:09:15.592  INFO 18392 --- [restartedMain] .e.DevToolsPropertyDefaultsPostProcessor : Devtools property defaults active! Set 'spring.devtools.add-properties' to 'false' to disable
2024-02-08 16:09:15.593  INFO 18392 --- [restartedMain] .e.DevToolsPropertyDefaultsPostProcessor : For additional web related logging consider setting the 'logging.level.web' property to 'DEBUG'
2024-02-08 16:09:15.604  INFO 16640 --- [restartedMain] .e.DevToolsPropertyDefaultsPostProcessor : Devtools property defaults active! Set 'spring.devtools.add-properties' to 'false' to disable
2024-02-08 16:09:15.605  INFO 16640 --- [restartedMain] .e.DevToolsPropertyDefaultsPostProcessor : For additional web related logging consider setting the 'logging.level.web' property to 'DEBUG'
2024-02-08 16:09:18.830  INFO 18392 --- [restartedMain] .s.d.r.c.RepositoryConfigurationDelegate : Bootstrapping Spring Data JPA repositories in DEFAULT mode.
2024-02-08 16:09:18.830  INFO 16640 --- [restartedMain] .s.d.r.c.RepositoryConfigurationDelegate : Bootstrapping Spring Data JPA repositories in DEFAULT mode.
2024-02-08 16:09:19.006  INFO 18392 --- [restartedMain] .s.d.r.c.RepositoryConfigurationDelegate : Finished Spring Data repository scanning in 162 ms. Found 3 JPA repository interfaces.
2024-02-08 16:09:19.012  INFO 16640 --- [restartedMain] .s.d.r.c.RepositoryConfigurationDelegate : Finished Spring Data repository scanning in 162 ms. Found 3 JPA repository interfaces.
2024-02-08 16:09:19.524  INFO 18392 --- [restartedMain] o.s.cloud.context.scope.GenericScope     : BeanFactory id=d6cfecbf-69c7-3df5-b093-6276d4c3bce5
2024-02-08 16:09:19.524  INFO 16640 --- [restartedMain] o.s.cloud.context.scope.GenericScope     : BeanFactory id=d6cfecbf-69c7-3df5-b093-6276d4c3bce5
2024-02-08 16:09:21.824  INFO 18392 --- [restartedMain] o.s.b.w.embedded.tomcat.TomcatWebServer  : Tomcat initialized with port(s): 9237 (http)
2024-02-08 16:09:21.881  INFO 16640 --- [restartedMain] o.s.b.w.embedded.tomcat.TomcatWebServer  : Tomcat initialized with port(s): 9237 (http)
2024-02-08 16:09:21.883  INFO 18392 --- [restartedMain] o.apache.catalina.core.StandardService   : Starting service [Tomcat]
2024-02-08 16:09:21.884  INFO 18392 --- [restartedMain] org.apache.catalina.core.StandardEngine  : Starting Servlet engine: [Apache Tomcat/9.0.80]
2024-02-08 16:09:21.893  INFO 16640 --- [restartedMain] o.apache.catalina.core.StandardService   : Starting service [Tomcat]
2024-02-08 16:09:21.893  INFO 16640 --- [restartedMain] org.apache.catalina.core.StandardEngine  : Starting Servlet engine: [Apache Tomcat/9.0.80]
2024-02-08 16:09:22.086  INFO 18392 --- [restartedMain] o.a.c.c.C.[Tomcat].[localhost].[/]       : Initializing Spring embedded WebApplicationContext
2024-02-08 16:09:22.089  INFO 18392 --- [restartedMain] w.s.c.ServletWebServerApplicationContext : Root WebApplicationContext: initialization completed in 6481 ms
2024-02-08 16:09:22.097  INFO 16640 --- [restartedMain] o.a.c.c.C.[Tomcat].[localhost].[/]       : Initializing Spring embedded WebApplicationContext
2024-02-08 16:09:22.097  INFO 16640 --- [restartedMain] w.s.c.ServletWebServerApplicationContext : Root WebApplicationContext: initialization completed in 6491 ms
2024-02-08 16:09:22.839  INFO 16640 --- [restartedMain] o.hibernate.jpa.internal.util.LogHelper  : HHH000204: Processing PersistenceUnitInfo [name: default]
2024-02-08 16:09:22.845  INFO 18392 --- [restartedMain] o.hibernate.jpa.internal.util.LogHelper  : HHH000204: Processing PersistenceUnitInfo [name: default]
2024-02-08 16:09:22.959  INFO 16640 --- [restartedMain] org.hibernate.Version                    : HHH000412: Hibernate ORM core version 5.6.15.Final
2024-02-08 16:09:22.953  INFO 18392 --- [restartedMain] org.hibernate.Version                    : HHH000412: Hibernate ORM core version 5.6.15.Final
2024-02-08 16:09:23.315  INFO 18392 --- [restartedMain] o.hibernate.annotations.common.Version   : HCANN000001: Hibernate Commons Annotations {5.1.2.Final}
2024-02-08 16:09:23.315  INFO 16640 --- [restartedMain] o.hibernate.annotations.common.Version   : HCANN000001: Hibernate Commons Annotations {5.1.2.Final}
2024-02-08 16:09:23.552  INFO 18392 --- [restartedMain] com.zaxxer.hikari.HikariDataSource       : HikariPool-1 - Starting...
2024-02-08 16:09:23.552  INFO 16640 --- [restartedMain] com.zaxxer.hikari.HikariDataSource       : HikariPool-1 - Starting...
2024-02-08 16:09:27.863  INFO 18392 --- [restartedMain] com.zaxxer.hikari.HikariDataSource       : HikariPool-1 - Start completed.
2024-02-08 16:09:27.863  INFO 16640 --- [restartedMain] com.zaxxer.hikari.HikariDataSource       : HikariPool-1 - Start completed.
2024-02-08 16:09:27.934  INFO 18392 --- [restartedMain] org.hibernate.dialect.Dialect            : HHH000400: Using dialect: org.hibernate.dialect.MySQL8Dialect
2024-02-08 16:09:27.934  INFO 16640 --- [restartedMain] org.hibernate.dialect.Dialect            : HHH000400: Using dialect: org.hibernate.dialect.MySQL8Dialect
2024-02-08 16:09:30.911  INFO 18392 --- [restartedMain] o.h.e.t.j.p.i.JtaPlatformInitiator       : HHH000490: Using JtaPlatform implementation: [org.hibernate.engine.transaction.jta.platform.internal.NoJtaPlatform]
2024-02-08 16:09:30.911  INFO 16640 --- [restartedMain] o.h.e.t.j.p.i.JtaPlatformInitiator       : HHH000490: Using JtaPlatform implementation: [org.hibernate.engine.transaction.jta.platform.internal.NoJtaPlatform]
2024-02-08 16:09:30.929  INFO 18392 --- [restartedMain] j.LocalContainerEntityManagerFactoryBean : Initialized JPA EntityManagerFactory for persistence unit 'default'
2024-02-08 16:09:30.929  INFO 16640 --- [restartedMain] j.LocalContainerEntityManagerFactoryBean : Initialized JPA EntityManagerFactory for persistence unit 'default'
2024-02-08 16:09:32.287  WARN 16640 --- [restartedMain] JpaBaseConfiguration$JpaWebConfiguration : spring.jpa.open-in-view is enabled by default. Therefore, database queries may be performed during view rendering. Explicitly configure spring.jpa.open-in-view to disable this warning
2024-02-08 16:09:32.549  WARN 18392 --- [restartedMain] JpaBaseConfiguration$JpaWebConfiguration : spring.jpa.open-in-view is enabled by default. Therefore, database queries may be performed during view rendering. Explicitly configure spring.jpa.open-in-view to disable this warning
2024-02-08 16:09:36.502  INFO 16640 --- [restartedMain] o.s.b.d.a.OptionalLiveReloadServer       : LiveReload server is running on port 35729
2024-02-08 16:09:36.507  WARN 18392 --- [restartedMain] o.s.b.d.a.OptionalLiveReloadServer       : Unable to start LiveReload server
2024-02-08 16:09:36.765  WARN 18392 --- [restartedMain] ConfigServletWebServerApplicationContext : Exception encountered during context initialization - cancelling refresh attempt: org.springframework.context.ApplicationContextException: Failed to start bean 'webServerStartStop'; nested exception is org.springframework.boot.web.server.PortInUseException: Port 9237 is already in use
2024-02-08 16:09:36.800  INFO 18392 --- [restartedMain] j.LocalContainerEntityManagerFactoryBean : Closing JPA EntityManagerFactory for persistence unit 'default'
2024-02-08 16:09:36.806  INFO 18392 --- [restartedMain] com.zaxxer.hikari.HikariDataSource       : HikariPool-1 - Shutdown initiated...
2024-02-08 16:09:36.862  INFO 18392 --- [restartedMain] com.zaxxer.hikari.HikariDataSource       : HikariPool-1 - Shutdown completed.
2024-02-08 16:09:36.866  INFO 18392 --- [restartedMain] o.apache.catalina.core.StandardService   : Stopping service [Tomcat]
2024-02-08 16:09:36.872  INFO 16640 --- [restartedMain] o.s.b.w.embedded.tomcat.TomcatWebServer  : Tomcat started on port(s): 9237 (http) with context path ''
2024-02-08 16:09:36.883  INFO 18392 --- [restartedMain] ConditionEvaluationReportLoggingListener : 

Error starting ApplicationContext. To display the conditions report re-run your application with 'debug' enabled.
2024-02-08 16:09:36.938  INFO 16640 --- [restartedMain] c.s.SbtaskmanagementsystemApplication    : Started SbtaskmanagementsystemApplication in 23.312 seconds (JVM running for 26.437)
2024-02-08 16:09:36.974 ERROR 18392 --- [restartedMain] o.s.b.d.LoggingFailureAnalysisReporter   : 

***************************
APPLICATION FAILED TO START
***************************

Description:

Web server failed to start. Port 9237 was already in use.

Action:

Identify and stop the process that's listening on port 9237 or configure this application to listen on another port.

2024-02-08 16:09:57.989  INFO 16640 --- [http-nio-9237-exec-1] o.a.c.c.C.[Tomcat].[localhost].[/]       : Initializing Spring DispatcherServlet 'dispatcherServlet'
2024-02-08 16:09:57.989  INFO 16640 --- [http-nio-9237-exec-1] o.s.web.servlet.DispatcherServlet        : Initializing Servlet 'dispatcherServlet'
2024-02-08 16:09:57.990  INFO 16640 --- [http-nio-9237-exec-1] o.s.web.servlet.DispatcherServlet        : Completed initialization in 1 ms
2024-02-08 16:10:00.451  INFO 16640 --- [http-nio-9237-exec-3] o.springdoc.api.AbstractOpenApiResource  : Init duration for springdoc-openapi is: 767 ms
